     -2.53979e-16     3.82427e-16    -0.664124
     1.92846e-11     1.20597e-12    15.991
     3.85582e-11     2.41104e-12    15.9924
     5.78071e-11     3.61328e-12    15.9985
     7.70192e-11     4.81398e-12    15.9991
     9.61827e-11     6.01166e-12    15.9993
     1.15286e-10     7.20581e-12    15.999
     1.34316e-10     8.39478e-12    15.9999
     1.5326e-10     9.5797e-12    15.9984
     1.7211e-10     1.07576e-11    15.9989
     1.9085e-10     1.19288e-11    15.9991
     2.09468e-10     1.30917e-11    16
     2.27955e-10     1.4248e-11    15.9991
     2.46297e-10     1.53949e-11    15.9986
     2.64485e-10     1.65309e-11    15.9994
     2.82504e-10     1.76572e-11    15.9994
     3.00347e-10     1.87727e-11    15.9992
     3.17998e-10     1.98775e-11    15.9979
     3.35449e-10     2.09676e-11    15.9984
     3.52688e-10     2.20448e-11    15.9987
     3.69705e-10     2.31075e-11    15.9994
     3.86489e-10     2.41567e-11    15.9993
     4.03027e-10     2.51914e-11    15.9986
     4.19312e-10     2.62079e-11    15.9995
     4.35331e-10     2.72106e-11    15.9986
     4.51077e-10     2.8193e-11    15.9996
     4.66536e-10     2.91596e-11    15.9994
     4.81701e-10     3.01061e-11    16.0001
     4.9656e-10     3.10376e-11    15.9986
     5.11108e-10     3.19458e-11    15.9992
     5.25331e-10     3.28384e-11    15.9975
     5.39225e-10     3.37026e-11    15.9995
     5.52777e-10     3.4552e-11    15.9984
     5.65979e-10     3.53761e-11    15.9989
     5.78826e-10     3.61778e-11    15.9995
     5.91305e-10     3.69577e-11    15.9995
     6.0341e-10     3.77172e-11    15.9983
     6.15135e-10     3.84479e-11    15.9992
     6.26472e-10     3.91583e-11    15.9984
     6.37414e-10     3.98407e-11    15.9991
     6.47951e-10     4.04979e-11    15.9996
     6.58081e-10     4.11325e-11    15.999
     6.67793e-10     4.17389e-11    15.9993
     6.77085e-10     4.232e-11    15.9992
     6.85948e-10     4.2876e-11    15.9984
     6.94379e-10     4.33997e-11    15.9996
     7.0237e-10     4.39015e-11    15.9988
     7.09921e-10     4.4371e-11    15.9997
     7.1702e-10     4.48152e-11    15.9995
     7.23666e-10     4.52314e-11    15.9992
     7.29854e-10     4.56196e-11    15.9987
     7.35585e-10     4.59759e-11    15.9994
     7.40848e-10     4.63064e-11    15.9988
     7.45646e-10     4.66044e-11    15.9995
     7.49973e-10     4.68748e-11    15.9995
     7.53825e-10     4.71154e-11    15.9995
     7.57198e-10     4.73273e-11    15.9992
     7.60096e-10     4.75091e-11    15.999
     7.62514e-10     4.76583e-11    15.9996
     7.64448e-10     4.7781e-11    15.999
     7.65903e-10     4.78706e-11    15.9994
     7.66872e-10     4.79312e-11    15.9994
     7.67356e-10     4.79617e-11    15.9993
     7.67356e-10     4.79623e-11    15.9992
     7.66869e-10     4.79308e-11    15.9995
     7.65902e-10     4.78715e-11    15.9991
     7.64448e-10     4.77789e-11    15.9997
     7.62513e-10     4.76604e-11    15.9989
     7.60097e-10     4.75062e-11    16
     7.57199e-10     4.73263e-11    15.9995
     7.53824e-10     4.71151e-11    15.9996
     7.49972e-10     4.68737e-11    15.9998
     7.45644e-10     4.66048e-11    15.9993
     7.40848e-10     4.63053e-11    15.9992
     7.35585e-10     4.59748e-11    15.9998
     7.29855e-10     4.56193e-11    15.9988
     7.23666e-10     4.52319e-11    15.999
     7.17021e-10     4.48148e-11    15.9996
     7.09921e-10     4.43702e-11    16
     7.02371e-10     4.3901e-11    15.999
     6.94378e-10     4.34022e-11    15.9987
     6.85947e-10     4.28737e-11    15.9993
     6.77085e-10     4.23196e-11    15.9993
     6.67792e-10     4.17409e-11    15.9985
     6.58081e-10     4.11324e-11    15.9991
     6.47951e-10     4.04992e-11    15.9991
     6.37413e-10     3.98422e-11    15.9984
     6.26472e-10     3.91573e-11    15.9988
     6.15136e-10     3.84496e-11    15.9985
     6.03412e-10     3.77164e-11    15.9987
     5.91305e-10     3.69592e-11    15.9988
     5.78825e-10     3.61797e-11    15.9986
     5.65978e-10     3.53776e-11    15.9982
     5.52775e-10     3.45518e-11    15.9984
     5.39226e-10     3.37034e-11    15.9992
     5.25332e-10     3.2835e-11    15.9992
     5.11107e-10     3.19471e-11    15.9985
     4.96561e-10     3.10382e-11    15.9984
     4.817e-10     3.01087e-11    15.9987
     4.66536e-10     2.91592e-11    15.9996
     4.51076e-10     2.81933e-11    15.9994
     4.35332e-10     2.72089e-11    15.9996
     4.19312e-10     2.62085e-11    15.9991
     4.03027e-10     2.51906e-11    15.9991
     3.86489e-10     2.41576e-11    15.9987
     3.69706e-10     2.31087e-11    15.9985
     3.5269e-10     2.2044e-11    15.9993
     3.35449e-10     2.09669e-11    15.999
     3.17998e-10     1.98762e-11    15.999
     3.00346e-10     1.87729e-11    15.9989
     2.82504e-10     1.76572e-11    15.9993
     2.64483e-10     1.6532e-11    15.9983
     2.46298e-10     1.5395e-11    15.9986
     2.27955e-10     1.4247e-11    16.0003
     2.09468e-10     1.30929e-11    15.9986
     1.90849e-10     1.19283e-11    15.9997
     1.72108e-10     1.07586e-11    15.9972
     1.5326e-10     9.57937e-12    15.999
     1.34316e-10     8.39509e-12    15.9993
     1.15285e-10     7.20723e-12    15.9958
     9.61827e-11     6.01182e-12    15.9989
     7.70187e-11     4.815e-12    15.9956
     5.78072e-11     3.6131e-12    15.9993
     3.85577e-11     2.41043e-12    15.9962
     1.9285e-11     1.20581e-12    15.9935
     6.10793e-17     5.84279e-16    0.104538
     -1.92853e-11     -1.20551e-12    15.9976
     -3.85575e-11     -2.41012e-12    15.9982
     -5.78068e-11     -3.61298e-12    15.9997
     -7.70189e-11     -4.81437e-12    15.9977
     -9.61834e-11     -6.0113e-12    16.0004
     -1.15285e-10     -7.20685e-12    15.9966
     -1.34315e-10     -8.3944e-12    16.0006
     -1.5326e-10     -9.57937e-12    15.999
     -1.72108e-10     -1.07578e-11    15.9984
     -1.90849e-10     -1.19278e-11    16.0003
     -2.09468e-10     -1.30923e-11    15.9993
     -2.27955e-10     -1.42474e-11    15.9998
     -2.46298e-10     -1.53934e-11    16.0002
     -2.64485e-10     -1.65308e-11    15.9995
     -2.82505e-10     -1.76573e-11    15.9993
     -3.00346e-10     -1.8773e-11    15.9989
     -3.17999e-10     -1.98764e-11    15.9988
     -3.3545e-10     -2.09667e-11    15.9992
     -3.52689e-10     -2.20441e-11    15.9992
     -3.69705e-10     -2.3109e-11    15.9984
     -3.86488e-10     -2.41577e-11    15.9985
     -4.03028e-10     -2.51911e-11    15.9988
     -4.19312e-10     -2.62083e-11    15.9992
     -4.35331e-10     -2.72106e-11    15.9986
     -4.51074e-10     -2.81952e-11    15.9982
     -4.66537e-10     -2.91598e-11    15.9993
     -4.81702e-10     -3.0108e-11    15.9991
     -4.96559e-10     -3.10393e-11    15.9978
     -5.11109e-10     -3.19457e-11    15.9993
     -5.25332e-10     -3.2836e-11    15.9987
     -5.39224e-10     -3.37039e-11    15.9988
     -5.52778e-10     -3.45499e-11    15.9994
     -5.65979e-10     -3.5377e-11    15.9985
     -5.78823e-10     -3.61794e-11    15.9987
     -5.91305e-10     -3.69585e-11    15.9991
     -6.03412e-10     -3.77132e-11    16
     -6.15135e-10     -3.8451e-11    15.9979
     -6.26472e-10     -3.91578e-11    15.9987
     -6.37413e-10     -3.98416e-11    15.9987
     -6.47951e-10     -4.04998e-11    15.9989
     -6.58081e-10     -4.11324e-11    15.9991
     -6.67792e-10     -4.17404e-11    15.9987
     -6.77086e-10     -4.23187e-11    15.9997
     -6.85947e-10     -4.28734e-11    15.9994
     -6.94379e-10     -4.34005e-11    15.9993
     -7.02371e-10     -4.38989e-11    15.9997
     -7.09919e-10     -4.4372e-11    15.9993
     -7.1702e-10     -4.48148e-11    15.9996
     -7.23666e-10     -4.52309e-11    15.9994
     -7.29857e-10     -4.56171e-11    15.9996
     -7.35585e-10     -4.59751e-11    15.9996
     -7.40848e-10     -4.63056e-11    15.9991
     -7.45647e-10     -4.66042e-11    15.9996
     -7.49971e-10     -4.68748e-11    15.9994
     -7.53824e-10     -4.71149e-11    15.9997
     -7.57199e-10     -4.73259e-11    15.9997
     -7.60096e-10     -4.75078e-11    15.9994
     -7.62514e-10     -4.7659e-11    15.9994
     -7.64449e-10     -4.77802e-11    15.9993
     -7.65902e-10     -4.78704e-11    15.9995
     -7.66871e-10     -4.79298e-11    15.9999
     -7.67357e-10     -4.79602e-11    15.9999
     -7.67357e-10     -4.79596e-11    16.0001
     -7.66871e-10     -4.79297e-11    15.9999
     -7.65901e-10     -4.78704e-11    15.9995
     -7.64448e-10     -4.778e-11    15.9993
     -7.62514e-10     -4.76581e-11    15.9997
     -7.60097e-10     -4.75063e-11    15.9999
     -7.57199e-10     -4.7326e-11    15.9996
     -7.53824e-10     -4.71139e-11    16
     -7.49972e-10     -4.68742e-11    15.9997
     -7.45645e-10     -4.66037e-11    15.9997
     -7.40851e-10     -4.63036e-11    15.9998
     -7.35585e-10     -4.59746e-11    15.9998
     -7.29857e-10     -4.56172e-11    15.9996
     -7.23668e-10     -4.52299e-11    15.9998
     -7.17021e-10     -4.48126e-11    16.0004
     -7.09919e-10     -4.43717e-11    15.9994
     -7.02372e-10     -4.3899e-11    15.9997
     -6.9438e-10     -4.33991e-11    15.9999
     -6.85947e-10     -4.28739e-11    15.9992
     -6.77085e-10     -4.23189e-11    15.9996
     -6.67795e-10     -4.17389e-11    15.9993
     -6.5808e-10     -4.11307e-11    15.9997
     -6.4795e-10     -4.04977e-11    15.9997
     -6.37413e-10     -3.98391e-11    15.9997
     -6.26472e-10     -3.91578e-11    15.9987
     -6.15135e-10     -3.84478e-11    15.9992
     -6.03413e-10     -3.77127e-11    16.0002
     -5.91305e-10     -3.69583e-11    15.9992
     -5.78825e-10     -3.61792e-11    15.9988
     -5.6598e-10     -3.53744e-11    15.9997
     -5.52778e-10     -3.45481e-11    16.0002
     -5.39224e-10     -3.37034e-11    15.9991
     -5.25333e-10     -3.28324e-11    16.0004
     -5.11107e-10     -3.19456e-11    15.9993
     -4.9656e-10     -3.10382e-11    15.9984
     -4.81702e-10     -3.01087e-11    15.9988
     -4.66536e-10     -2.91603e-11    15.999
     -4.51075e-10     -2.81941e-11    15.9989
     -4.35331e-10     -2.72091e-11    15.9995
     -4.19312e-10     -2.62079e-11    15.9995
     -4.03028e-10     -2.51906e-11    15.9992
     -3.86488e-10     -2.4157e-11    15.999
     -3.69706e-10     -2.31074e-11    15.9995
     -3.52689e-10     -2.2044e-11    15.9993
     -3.35448e-10     -2.09671e-11    15.9988
     -3.17999e-10     -1.98754e-11    15.9997
     -3.00346e-10     -1.87734e-11    15.9985
     -2.82505e-10     -1.76579e-11    15.9988
     -2.64484e-10     -1.65308e-11    15.9995
     -2.46298e-10     -1.53941e-11    15.9995
     -2.27955e-10     -1.4248e-11    15.999
     -2.09468e-10     -1.30926e-11    15.999
     -1.90849e-10     -1.19289e-11    15.9989
     -1.7211e-10     -1.0758e-11    15.9983
     -1.53261e-10     -9.57923e-12    15.9993
     -1.34315e-10     -8.39523e-12    15.999
     -1.15285e-10     -7.20642e-12    15.9975
     -9.61826e-11     -6.0115e-12    15.9998
     -7.70197e-11     -4.81384e-12    15.9996
     -5.78073e-11     -3.61246e-12    16.0022
     -3.85581e-11     -2.41052e-12    15.9958
     -1.92851e-11     -1.20595e-12    15.9916
     3.74006e-16     -3.23145e-16    -1.15739
     1.92853e-11     1.20532e-12    16.0002
     3.85584e-11     2.4095e-12    16.0026
     5.78072e-11     3.61266e-12    16.0013
     7.70196e-11     4.81408e-12    15.9988
     9.61827e-11     6.01197e-12    15.9985
     1.15285e-10     7.20581e-12    15.9989
     1.34315e-10     8.39553e-12    15.9984
     1.5326e-10     9.57959e-12    15.9986
     1.7211e-10     1.07563e-11    16.0008
     1.90849e-10     1.19281e-11    16
     2.09468e-10     1.30929e-11    15.9986
     2.27954e-10     1.4248e-11    15.999
     2.46297e-10     1.53946e-11    15.999
     2.64484e-10     1.65303e-11    15.9999
     2.82505e-10     1.76563e-11    16.0003
     3.00346e-10     1.87725e-11    15.9993
     3.18e-10     1.98752e-11    15.9998
     3.35449e-10     2.09662e-11    15.9995
     3.52689e-10     2.20446e-11    15.9989
     3.69707e-10     2.3108e-11    15.9991
     3.86488e-10     2.41559e-11    15.9997
     4.03027e-10     2.51916e-11    15.9984
     4.19312e-10     2.62088e-11    15.9989
     4.35331e-10     2.72105e-11    15.9987
     4.51075e-10     2.81944e-11    15.9988
     4.66536e-10     2.91588e-11    15.9998
     4.81701e-10     3.01076e-11    15.9993
     4.96561e-10     3.10356e-11    15.9997
     5.11108e-10     3.19451e-11    15.9996
     5.25331e-10     3.2836e-11    15.9987
     5.39224e-10     3.37045e-11    15.9986
     5.52778e-10     3.45485e-11    16.0001
     5.65981e-10     3.53755e-11    15.9993
     5.78825e-10     3.61793e-11    15.9988
     5.91304e-10     3.69588e-11    15.999
     6.0341e-10     3.77152e-11    15.9991
     6.15135e-10     3.84486e-11    15.9989
     6.26472e-10     3.91566e-11    15.9992
     6.37411e-10     3.98421e-11    15.9984
     6.4795e-10     4.04993e-11    15.9991
     6.58081e-10     4.1131e-11    15.9996
     6.67793e-10     4.17398e-11    15.9989
     6.77083e-10     4.23203e-11    15.999
     6.85949e-10     4.28746e-11    15.999
     6.94379e-10     4.34022e-11    15.9987
     7.02371e-10     4.39009e-11    15.999
     7.09921e-10     4.43711e-11    15.9996
     7.1702e-10     4.48157e-11    15.9993
     7.23666e-10     4.52303e-11    15.9996
     7.29855e-10     4.5618e-11    15.9993
     7.35585e-10     4.59766e-11    15.9991
     7.4085e-10     4.63048e-11    15.9994
     7.45645e-10     4.66044e-11    15.9995
     7.49973e-10     4.68744e-11    15.9996
     7.53823e-10     4.71155e-11    15.9995
     7.57199e-10     4.73243e-11    16.0002
     7.60097e-10     4.7506e-11    16
     7.62514e-10     4.76578e-11    15.9998
     7.64448e-10     4.7779e-11    15.9997
     7.65903e-10     4.78702e-11    15.9996
     7.66871e-10     4.79309e-11    15.9995
     7.67356e-10     4.79615e-11    15.9994
     7.67357e-10     4.79603e-11    15.9998
     7.6687e-10     4.79317e-11    15.9992
     7.65901e-10     4.78718e-11    15.999
     7.64449e-10     4.77801e-11    15.9993
     7.62514e-10     4.76578e-11    15.9998
     7.60096e-10     4.75064e-11    15.9999
     7.57199e-10     4.73259e-11    15.9997
     7.53825e-10     4.71145e-11    15.9998
     7.49973e-10     4.68739e-11    15.9998
     7.45647e-10     4.66036e-11    15.9998
     7.40849e-10     4.63037e-11    15.9998
     7.35584e-10     4.59746e-11    15.9998
     7.29854e-10     4.56198e-11    15.9986
     7.23669e-10     4.52292e-11    16
     7.1702e-10     4.48164e-11    15.9991
     7.09921e-10     4.43706e-11    15.9998
     7.02372e-10     4.38998e-11    15.9994
     6.94378e-10     4.34023e-11    15.9987
     6.85949e-10     4.28739e-11    15.9992
     6.77087e-10     4.23189e-11    15.9996
     6.67792e-10     4.17411e-11    15.9984
     6.58081e-10     4.11325e-11    15.999
     6.47952e-10     4.04992e-11    15.9992
     6.37414e-10     3.98409e-11    15.999
     6.26473e-10     3.91563e-11    15.9993
     6.15136e-10     3.84491e-11    15.9987
     6.03411e-10     3.77147e-11    15.9994
     5.91304e-10     3.69597e-11    15.9986
     5.78825e-10     3.61799e-11    15.9985
     5.6598e-10     3.53759e-11    15.999
     5.52778e-10     3.45509e-11    15.9989
     5.39225e-10     3.37038e-11    15.9989
     5.25332e-10     3.28343e-11    15.9995
     5.11109e-10     3.19452e-11    15.9995
     4.96561e-10     3.10364e-11    15.9993
     4.81701e-10     3.01079e-11    15.9992
     4.66536e-10     2.91599e-11    15.9992
     4.51074e-10     2.81948e-11    15.9985
     4.35332e-10     2.72105e-11    15.9987
     4.19313e-10     2.62072e-11    15.9999
     4.03027e-10     2.51913e-11    15.9986
     3.86488e-10     2.4157e-11    15.999
     3.69708e-10     2.31073e-11    15.9996
     3.52688e-10     2.20452e-11    15.9984
     3.3545e-10     2.09665e-11    15.9994
     3.17999e-10     1.98767e-11    15.9986
     3.00346e-10     1.87734e-11    15.9985
     2.82505e-10     1.76579e-11    15.9988
     2.64485e-10     1.65302e-11    16.0001
     2.46297e-10     1.53937e-11    15.9998
     2.27956e-10     1.42469e-11    16.0004
     2.09469e-10     1.30914e-11    16.0005
     1.90849e-10     1.19287e-11    15.9991
     1.72108e-10     1.07571e-11    15.9995
     1.5326e-10     9.57942e-12    15.9989
     1.34316e-10     8.39503e-12    15.9994
     1.15286e-10     7.20578e-12    15.999
     9.61829e-11     6.01177e-12    15.9991
     7.70185e-11     4.81469e-12    15.9966
     5.78073e-11     3.61226e-12    16.0031
     3.85579e-11     2.41011e-12    15.9984
     1.92852e-11     1.20499e-12    16.0045
     1.83376e-16     -5.14248e-16    -0.356591
     -1.92847e-11     -1.2061e-12    15.9892
     -3.85579e-11     -2.41068e-12    15.9946
     -5.78074e-11     -3.61287e-12    16.0004
     -7.70196e-11     -4.81401e-12    15.999
     -9.61833e-11     -6.01191e-12    15.9988
     -1.15286e-10     -7.20583e-12    15.9989
     -1.34316e-10     -8.39448e-12    16.0005
     -1.5326e-10     -9.57961e-12    15.9986
     -1.72109e-10     -1.07574e-11    15.9992
     -1.9085e-10     -1.19273e-11    16.0011
     -2.09468e-10     -1.30924e-11    15.9992
     -2.27956e-10     -1.42466e-11    16.0007
     -2.46296e-10     -1.53949e-11    15.9986
     -2.64483e-10     -1.65314e-11    15.9989
     -2.82505e-10     -1.76567e-11    15.9999
     -3.00346e-10     -1.8772e-11    15.9997
     -3.17999e-10     -1.98745e-11    16.0003
     -3.3545e-10     -2.09661e-11    15.9997
     -3.52688e-10     -2.20439e-11    15.9993
     -3.69707e-10     -2.31075e-11    15.9995
     -3.86489e-10     -2.41557e-11    15.9999
     -4.03027e-10     -2.51906e-11    15.9991
     -4.19311e-10     -2.62071e-11    15.9999
     -4.35331e-10     -2.72093e-11    15.9993
     -4.51075e-10     -2.81942e-11    15.9989
     -4.66538e-10     -2.91582e-11    16.0002
     -4.81702e-10     -3.01068e-11    15.9998
     -4.96562e-10     -3.10358e-11    15.9996
     -5.11108e-10     -3.19442e-11    16
     -5.25334e-10     -3.28324e-11    16.0005
     -5.39226e-10     -3.37015e-11    16.0001
     -5.52777e-10     -3.45496e-11    15.9995
     -5.65978e-10     -3.53764e-11    15.9988
     -5.78825e-10     -3.61788e-11    15.999
     -5.91305e-10     -3.69589e-11    15.999
     -6.03412e-10     -3.77153e-11    15.9991
     -6.15137e-10     -3.84475e-11    15.9994
     -6.26472e-10     -3.91567e-11    15.9991
     -6.37414e-10     -3.98398e-11    15.9994
     -6.47952e-10     -4.04983e-11    15.9995
     -6.58081e-10     -4.11335e-11    15.9986
     -6.67793e-10     -4.17395e-11    15.9991
     -6.77086e-10     -4.23198e-11    15.9993
     -6.85949e-10     -4.28728e-11    15.9996
     -6.94379e-10     -4.34017e-11    15.9989
     -7.02371e-10     -4.39004e-11    15.9992
     -7.0992e-10     -4.43718e-11    15.9993
     -7.17019e-10     -4.48158e-11    15.9992
     -7.23668e-10     -4.52302e-11    15.9997
     -7.29856e-10     -4.56186e-11    15.9991
     -7.35587e-10     -4.59721e-11    16.0007
     -7.4085e-10     -4.6305e-11    15.9994
     -7.45645e-10     -4.66037e-11    15.9997
     -7.49973e-10     -4.68735e-11    15.9999
     -7.53825e-10     -4.71153e-11    15.9996
     -7.57199e-10     -4.73258e-11    15.9997
     -7.60097e-10     -4.75069e-11    15.9997
     -7.62514e-10     -4.76602e-11    15.999
     -7.64448e-10     -4.77796e-11    15.9995
     -7.65903e-10     -4.78702e-11    15.9996
     -7.66872e-10     -4.79305e-11    15.9997
     -7.67357e-10     -4.79601e-11    15.9999
     -7.67356e-10     -4.79606e-11    15.9997
     -7.66871e-10     -4.79311e-11    15.9994
     -7.65902e-10     -4.78712e-11    15.9992
     -7.64448e-10     -4.77811e-11    15.999
     -7.62513e-10     -4.76599e-11    15.9991
     -7.60096e-10     -4.75088e-11    15.9991
     -7.57198e-10     -4.73269e-11    15.9993
     -7.53824e-10     -4.71156e-11    15.9994
     -7.49972e-10     -4.68737e-11    15.9998
     -7.45644e-10     -4.66048e-11    15.9993
     -7.40849e-10     -4.63045e-11    15.9995
     -7.35584e-10     -4.5976e-11    15.9993
     -7.29856e-10     -4.56177e-11    15.9994
     -7.23667e-10     -4.52294e-11    15.9999
     -7.1702e-10     -4.48159e-11    15.9992
     -7.0992e-10     -4.43716e-11    15.9994
     -7.02371e-10     -4.39001e-11    15.9993
     -6.94378e-10     -4.34022e-11    15.9987
     -6.85948e-10     -4.2874e-11    15.9991
     -6.77086e-10     -4.23195e-11    15.9994
     -6.67792e-10     -4.17396e-11    15.999
     -6.5808e-10     -4.11323e-11    15.9991
     -6.47951e-10     -4.04999e-11    15.9988
     -6.37413e-10     -3.98415e-11    15.9987
     -6.26471e-10     -3.91576e-11    15.9987
     -6.15137e-10     -3.84489e-11    15.9988
     -6.03412e-10     -3.77136e-11    15.9999
     -5.91306e-10     -3.69571e-11    15.9998
     -5.78827e-10     -3.61776e-11    15.9996
     -5.6598e-10     -3.53744e-11    15.9997
     -5.52776e-10     -3.45516e-11    15.9986
     -5.39223e-10     -3.3704e-11    15.9988
     -5.25331e-10     -3.28351e-11    15.9991
     -5.11109e-10     -3.19446e-11    15.9999
     -4.9656e-10     -3.1037e-11    15.999
     -4.81701e-10     -3.0108e-11    15.9991
     -4.66534e-10     -2.91606e-11    15.9988
     -4.51075e-10     -2.81924e-11    15.9999
     -4.35331e-10     -2.72101e-11    15.9989
     -4.19313e-10     -2.62079e-11    15.9995
     -4.03029e-10     -2.51902e-11    15.9994
     -3.86489e-10     -2.41565e-11    15.9994
     -3.69707e-10     -2.31072e-11    15.9996
     -3.52689e-10     -2.20445e-11    15.9989
     -3.3545e-10     -2.09665e-11    15.9993
     -3.17999e-10     -1.9877e-11    15.9983
     -3.00347e-10     -1.87727e-11    15.9992
     -2.82505e-10     -1.76575e-11    15.9991
     -2.64484e-10     -1.65304e-11    15.9999
     -2.46297e-10     -1.53939e-11    15.9996
     -2.27954e-10     -1.42475e-11    15.9997
     -2.09468e-10     -1.30916e-11    16.0001
     -1.90849e-10     -1.19288e-11    15.9989
     -1.72109e-10     -1.07567e-11    16.0002
     -1.53261e-10     -9.57948e-12    15.9989
     -1.34316e-10     -8.39515e-12    15.9992
     -1.15285e-10     -7.20542e-12    15.9998
     -9.61821e-11     -6.01205e-12    15.9982
     -7.70196e-11     -4.81391e-12    15.9994
     -5.78073e-11     -3.61285e-12    16.0005
     -3.85583e-11     -2.40966e-12    16.0015
     -1.9285e-11     -1.20522e-12    16.0012
